 3313.7085     4142.1356     -828.4271
 3313.3549     4141.7821     -828.4271
 3312.2942     4140.7213     -828.4271
 3310.5262     4138.9533     -828.4271
 3308.0505     4136.4776     -828.4271
 3304.8669     4133.2940     -828.4271
 3300.9748     4129.4020     -828.4271
 3296.3738     4124.8009     -828.4271
 3291.0630     4119.4901     -828.4271
 3285.0416     4113.4687     -828.4271
 3278.3089     4106.7360     -828.4271
 3270.8636     4099.2908     -828.4271
 3262.7048     4091.1320     -828.4271
 3253.8312     4082.2583     -828.4271
 3244.2414     4072.6685     -828.4271
 3233.9340     4062.3611     -828.4271
 3222.9073     4051.3345     -828.4271
 3211.1598     4039.5869     -828.4271
 3198.6895     4027.1166     -828.4271
 3185.4945     4013.9216     -828.4271
 3171.5729     4000.0000     -828.4271
 3156.9224     3985.3495     -828.4271
 3141.5407     3969.9678     -828.4271
 3125.4254     3953.8525     -828.4271
 3108.5740     3937.0011     -828.4271
 3090.9838     3919.4109     -828.4271
 3072.6520     3901.0791     -828.4271
 3053.5756     3882.0027     -828.4271
 3033.7516     3862.1788     -828.4271
 3013.1768     3841.6040     -828.4271
 2991.8478     3820.2750     -828.4271
 2969.7612     3798.1883     -828.4271
 2946.9132     3775.3403     -828.4271
 2923.3000     3751.7272     -828.4271
 2898.9178     3727.3450     -828.4271
 2873.7625     3702.1896     -828.4271
 2847.8297     3676.2568     -828.4271
 2821.1150     3649.5421     -828.4271
 2793.6138     3622.0410     -828.4271
 2765.3214     3593.7486     -828.4271
 2736.2328     3564.6600     -828.4271
 2706.3429     3534.7700     -828.4271
 2675.6463     3504.0735     -828.4271
 2644.1376     3472.5647     -828.4271
 2611.8110     3440.2381     -828.4271
 2578.6606     3407.0877     -828.4271
 2544.6802     3373.1073     -828.4271
 2509.8636     3338.2907     -828.4271
 2474.2042     3302.6313     -828.4271
 2437.6951     3266.1223     -828.4271
 2400.3294     3228.7566     -828.4271
 2362.0998     3190.5269     -828.4271
 2322.9987     3151.4258     -828.4271
 2283.0183     3111.4454     -828.4271
 2242.1505     3070.5776     -828.4271
 2200.3871     3028.8142     -828.4271
 2157.7193     2986.1465     -828.4271
 2114.1383     2942.5654     -828.4271
 2069.6347     2898.0619     -828.4271
 2024.1991     2852.6262     -828.4271
 1977.8214     2806.2485     -828.4271
 1930.4913     2758.9184     -828.4271
 1882.1984     2710.6255     -828.4271
 1832.9314     2661.3585     -828.4271
 1782.6791     2611.1062     -828.4271
 1731.4296     2559.8567     -828.4271
 1679.1706     2507.5977     -828.4271
 1625.8894     2454.3165     -828.4271
 1571.5729     2400.0000     -828.4271
 1516.2073     2344.6345     -828.4271
 1459.7786     2288.2057     -828.4271
 1402.2720     2230.6991     -828.4271
 1343.6721     2172.0992     -828.4271
 1283.9632     2112.3904     -828.4271
 1223.1288     2051.5559     -828.4271
 1161.1517     1989.5788     -828.4271
 1098.0141     1926.4412     -828.4271
 1033.6975     1862.1246     -828.4271
  968.1826     1796.6097     -828.4271
  901.4493     1729.8764     -828.4271
  833.4767     1661.9038     -828.4271
  764.2430     1592.6701     -828.4271
  693.7255     1522.1526     -828.4271
  621.9004     1450.3275     -828.4271
  548.7430     1377.1701     -828.4271
  474.2274     1302.6546     -828.4271
  398.3266     1226.7538     -828.4271
  321.0123     1149.4394     -828.4271
  242.2549     1070.6820     -828.4271
  162.0233      990.4504     -828.4271
   80.2850      908.7121     -828.4271
    0.0000      825.4330     -825.4330
    0.0000      740.5773     -740.5773
    0.0000      654.1072     -654.1072
    0.0000      565.9832     -565.9832
    0.0000      476.1634     -476.1634
    0.0000      384.6040     -384.6040
    0.0000      291.2584     -291.2584
    0.0000      196.0777     -196.0777
    0.0000       99.0099      -99.0099
    0.0000        0.0000        0.0000
    0.0000        0.0000        0.0000
    0.0000        0.0000        0.0000
    0.0000        0.0000        0.0000
    0.0000        0.0000        0.0000
    0.0000        0.0000        0.0000
    0.0000        0.0000        0.0000
    0.0000        0.0000        0.0000
    0.0000        0.0000        0.0000
    0.0000        0.0000        0.0000
    0.0000        0.0000        0.0000
    0.0000        0.0000        0.0000
    0.0000        0.0000        0.0000
    0.0000        0.0000        0.0000
    0.0000        0.0000        0.0000
    0.0000        0.0000        0.0000
    0.0000        0.0000        0.0000
    0.0000        0.0000        0.0000
    0.0000        0.0000        0.0000
    0.0000        0.0000        0.0000
    0.0000        0.0000        0.0000
    0.0000        0.0000        0.0000
    0.0000        0.0000        0.0000
    0.0000        0.0000        0.0000
    0.0000        0.0000        0.0000
    0.0000        0.0000        0.0000
    0.0000        0.0000        0.0000
    0.0000        0.0000        0.0000
    0.0000        0.0000        0.0000
    0.0000        0.0000        0.0000
    0.0000        0.0000        0.0000
    0.0000        0.0000        0.0000
    0.0000        0.0000        0.0000
    0.0000        0.0000        0.0000
    0.0000        0.0000        0.0000
    0.0000        0.0000        0.0000
    0.0000        0.0000        0.0000
    0.0000        0.0000        0.0000
    0.0000        0.0000        0.0000
    0.0000        0.0000        0.0000
    0.0000        0.0000        0.0000
    0.0000        0.0000        0.0000
    0.0000        0.0000        0.0000
    0.0000        0.0000        0.0000
    0.0000        0.0000        0.0000
    0.0000        0.0000        0.0000
    0.0000        0.0000        0.0000
    0.0000        0.0000        0.0000
    0.0000        0.0000        0.0000
    0.0000        0.0000        0.0000
    0.0000        0.0000        0.0000
    0.0000        0.0000        0.0000
    0.0000        0.0000        0.0000
    0.0000        0.0000        0.0000
    0.0000        0.0000        0.0000
    0.0000        0.0000        0.0000
    0.0000        0.0000        0.0000
    0.0000        0.0000        0.0000
    0.0000        0.0000        0.0000
    0.0000        0.0000        0.0000
    0.0000        0.0000        0.0000
    0.0000        0.0000        0.0000
    0.0000        0.0000        0.0000
    0.0000        0.0000        0.0000
    0.0000        0.0000        0.0000
    0.0000        0.0000        0.0000
    0.0000        0.0000        0.0000
    0.0000        0.0000        0.0000
    0.0000        0.0000        0.0000
    0.0000        0.0000        0.0000
    0.0000        0.0000        0.0000
    0.0000        0.0000        0.0000
    0.0000        0.0000        0.0000
    0.0000        0.0000        0.0000
    0.0000        0.0000        0.0000
    0.0000        0.0000        0.0000
    0.0000        0.0000        0.0000
    0.0000        0.0000        0.0000
    0.0000        0.0000        0.0000
    0.0000        0.0000        0.0000
    0.0000        0.0000        0.0000
    0.0000        0.0000        0.0000
    0.0000        0.0000        0.0000
    0.0000        0.0000        0.0000
    0.0000        0.0000        0.0000
    0.0000        0.0000        0.0000
    0.0000        0.0000        0.0000
    0.0000        0.0000        0.0000
    0.0000        0.0000        0.0000
    0.0000        0.0000        0.0000
    0.0000        0.0000        0.0000
    0.0000        0.0000        0.0000
    0.0000        0.0000        0.0000
    0.0000        0.0000        0.0000
    0.0000        0.0000        0.0000
    0.0000        0.0000        0.0000
    0.0000        0.0000        0.0000
    0.0000        0.0000        0.0000
    0.0000        0.0000        0.0000
    0.0000        0.0000        0.0000
    0.0000        0.0000        0.0000
-                                                                                                                                                      
 ----------------                                                                                                                                      
                 ------                                                                                                                                
                       -----                                                                                                                           
                            -----                                                                                                                      
                                 ---                                                                                                                   
                                    ----                                                                                                               
                                        ---                                                                                                            
                                           ---                                                                                                         
*                                             --                                                                                                       
 ****************                               ---                                                                                                    
                 ******                            --                                                                                                  
                       *****                         --                                                                                                
                            *****                      --                                                                                              
                                 ***                     --                                                                                            
                                    ****                   --                                                                                          
                                        ***                  --                                                                                        
                                           ***                 --                                                                                      
                                              **                 --                                                                                    
                                                ***                --                                                                                  
                                                   **                -                                                                                 
                                                     **               --                                                                               
                                                       **               -                                                                              
                                                         **              --                                                                            
                                                           **              -                                                                           
                                                             **             --                                                                         
                                                               **             -                                                                        
                                                                 **            --                                                                      
                                                                   **            -                                                                     
                                                                     *            -                                                                    
                                                                      **           -                                                                   
                                                                        *           --                                                                 
                                                                         **           -                                                                
                                                                           *           -                                                               
                                                                            **          -                                                              
                                                                              *          -                                                             
                                                                               **         -                                                            
                                                                                 *         --                                                          
                                                                                  *          -                                                         
                                                                                   *          -                                                        
                                                                                    **         -                                                       
                                                                                      *         -                                                      
                                                                                       *         -                                                     
                                                                                        *         -                                                    
                                                                                         *         -                                                   
                                                                                          *************************************************************
